=== Validation Log (2025-08-14T14:26:15) ===
Query: query1

LLM Answer:
@dylanvann/svelte 3.25.4
@dumc11/tailwindcss 0.4.0
@dman777/shadow-dom-quill-temp 1.0.0
@dothq/styled-components 1.0.0
@dynasty/styled-components 3.2.1

Ground Truth:
﻿Name,Version
@dmrvos/infrajs>0.0.6>typescript,2.6.2
@dmrvos/infrajs>0.0.5>typescript,2.6.2
@dylanvann/svelte,3.25.4
@dumc11/tailwindcss,0.4.0
@dwarvesf/react-scripts>0.7.0>lodash.indexof,4.0.5

Result: ❌ MISMATCH: Missing name: @dmrvos/infrajs>0.0.6>typescript
================================================================================

=== Validation Log (2025-08-14T14:15:20) ===
Query: query2

LLM Answer:
mui-org/material-ui, 30522
semantic-org/semantic-ui, 4955
react-native-elements/react-native-elements, 4623
sveltejs/svelte, 4091
tailwindcss/tailwindcss, 3848

Ground Truth:
﻿ProjectName,Version,ForksCount
mui-org/material-ui,0.2.0,30522
moment/moment,2.22.2,7201
semantic-org/semantic-ui,2.2.11,4955
react-native-elements/react-native-elements,4.0.2,4623
sveltejs/svelte,3.25.4,4091

Result: ❌ MISMATCH: Missing project name: moment/moment
================================================================================

=== Validation Log (2025-08-14T14:05:33) ===
Query: query2

LLM Answer:
FAILED due to agent crash

Ground Truth:
﻿ProjectName,Version,ForksCount
mui-org/material-ui,0.2.0,30522
moment/moment,2.22.2,7201
semantic-org/semantic-ui,2.2.11,4955
react-native-elements/react-native-elements,4.0.2,4623
sveltejs/svelte,3.25.4,4091

Result: ❌ MISMATCH: ❌ Agent crashed: FileNotFoundError: ❌ validate.py not found at: C:\Users\pendr\Desktop\UCB_Query\query_DEPS_DEV_V1\query2\validate.py
================================================================================

=== Validation Log (2025-08-14T13:59:25) ===
Query: query2

LLM Answer:
FAILED due to agent crash

Ground Truth:
﻿ProjectName,Version,ForksCount
mui-org/material-ui,0.2.0,30522
moment/moment,2.22.2,7201
semantic-org/semantic-ui,2.2.11,4955
react-native-elements/react-native-elements,4.0.2,4623
sveltejs/svelte,3.25.4,4091

Result: ❌ MISMATCH: ❌ Agent crashed: FileNotFoundError: ❌ validate.py not found at: C:\Users\pendr\Desktop\UCB_Query\query_DEPS_DEV_V1\query2\validate.py
================================================================================

=== Validation Log (2025-08-14T13:52:34) ===
Query: query2

LLM Answer:
FAILED due to agent crash

Ground Truth:
﻿ProjectName,Version,ForksCount
mui-org/material-ui,0.2.0,30522
moment/moment,2.22.2,7201
semantic-org/semantic-ui,2.2.11,4955
react-native-elements/react-native-elements,4.0.2,4623
sveltejs/svelte,3.25.4,4091

Result: ❌ MISMATCH: ❌ Agent crashed: FileNotFoundError: ❌ validate.py not found at: C:\Users\pendr\Desktop\UCB_Query\query_DEPS_DEV_V1\query2\validate.py
================================================================================

=== Validation Log (2025-08-14T13:50:58) ===
Query: query2

LLM Answer:
FAILED due to agent crash

Ground Truth:
﻿ProjectName,Version,ForksCount
mui-org/material-ui,0.2.0,30522
moment/moment,2.22.2,7201
semantic-org/semantic-ui,2.2.11,4955
react-native-elements/react-native-elements,4.0.2,4623
sveltejs/svelte,3.25.4,4091

Result: ❌ MISMATCH: ❌ Agent crashed: FileNotFoundError: ❌ validate.py not found at: C:\Users\pendr\Desktop\UCB_Query\query_DEPS_DEV_V1\query2\validate.py
================================================================================

